<persistence version="2.0"
             xmlns="http://java.sun.com/xml/ns/persistence" xmlns:xsi="http://www.w3.org/2001/XMLSchema-instance"
             xsi:schemaLocation="http://java.sun.com/xml/ns/persistence http://java.sun.com/xml/ns/persistence/persistence_2_0.xsd">
    <persistence-unit name="test">
        <!-- If you are running in a production environment, add a managed
        data source, this example data source is just for development and testing! -->
        <!-- The datasource is deployed as WEB-INF/picketlink-quickstart-ds.xml, you
        can find it in the source at src/main/webapp/WEB-INF/picketlink-quickstart-ds.xml -->
        <jta-data-source>java:jboss/datasources/TestDS</jta-data-source>

        <class>com.ozguryazilim.telve.entities.Option</class>
        <class>com.ozguryazilim.telve.entities.SuggestionItem</class>
        <class>com.ozguryazilim.telve.entities.Sequence</class>
        <class>com.ozguryazilim.telve.entities.StoredCommand</class>
        
        <properties>
            <!-- Properties for Hibernate -->
            <property name="hibernate.hbm2ddl.auto" value="create-drop" />
            <property name="hibernate.show_sql" value="true" />
        </properties>
    </persistence-unit>
    
</persistence>